0	19:49:59.433	Compiling 'MACD Sample'
0	19:49:59.437	Compiling 'Moving Average'
0	19:50:03.227	Compiling 'Accelerator'
0	19:50:03.227	Compiling 'Accumulation'
0	19:50:03.227	Compiling 'Alligator'
0	19:50:03.227	Compiling 'ATR'
0	19:50:03.227	Compiling 'Awesome'
0	19:50:03.227	Compiling 'Bands'
0	19:50:03.227	Compiling 'Bears'
0	19:50:03.227	Compiling 'Bulls'
0	19:50:03.227	Compiling 'CCI'
0	19:50:03.227	Compiling 'Custom Moving Averages'
0	19:50:03.227	Compiling 'Heiken Ashi'
0	19:50:03.227	Compiling 'Ichimoku'
0	19:50:03.227	Compiling 'iExposure'
0	19:50:03.227	Compiling 'MACD'
0	19:50:03.227	Compiling 'Momentum'
0	19:50:03.227	Compiling 'OsMA'
0	19:50:03.227	Compiling 'Parabolic'
0	19:50:03.227	Compiling 'RSI'
0	19:50:03.227	Compiling 'Stochastic'
0	19:50:03.227	Compiling 'ZigZag'
0	19:50:03.227	Compiling 'SimplePanel'
0	19:50:12.331	Compiling 'PeriodConverter'
0	19:50:12.331	Compiling 'DLLSampleTester'
0	19:50:12.331	Compiling 'PipeClient'
0	19:50:12.331	Compiling 'PipeClientPure'
0	19:50:15.256	Compiling 'stdlib'
